==============================================================================
Tests :: Testing functionality through Robot Framework                        
==============================================================================
Tests.Test AL11                                                               
==============================================================================
  
  Traceback (most recent call last):
    ~~~~~~~~~~~~~~~~~~~~~~~~~~~~~~~~~~~~~~~~~~~~~~~~~~~~~~~~~~~~~~~~~~~~~~~~~~
    File  C:\project\Symphony_Replay\Replay\Tests\Test_AL11.robot:3
      System Logon    
    ~~~~~~~~~~~~~~~~~~~~~~~~~~~~~~~~~~~~~~~~~~~~~~~~~~~~~~~~~~~~~~~~~~~~~~~~~~
    File  C:\project\Symphony_Replay\Replay\Tests\Resource\AL11.robot:16
      Input Password    wnd[0]/usr/pwdRSYST-BCODE    %{SAP_PASSWORD}
      |  %{SAP_PASSWORD} = <Unable to define variable value>
______________________________________________________________________________
AL11                                                                  | FAIL |
Parent suite setup failed:
Environment variable '%{SAP_PASSWORD}' not found.
------------------------------------------------------------------------------
Tests.Test AL11                                                       | FAIL |
Suite setup failed:
Environment variable '%{SAP_PASSWORD}' not found.

1 test, 0 passed, 1 failed
==============================================================================
Tests :: Testing functionality through Robot Framework                | FAIL |
1 test, 0 passed, 1 failed
==============================================================================
Output:  C:\project\Symphony_Replay\Replay\Output\pabot_results\0\Output.xml
